# OSU MPI Latency Test v5.8
# Size          Latency (us)
0                       0.33
1                       0.33
2                       0.32
4                       0.33
8                       0.32
16                      0.32
32                      0.52
64                      0.52
128                     0.72
256                     0.76
512                     0.81
1024                    0.97
2048                    1.22
4096                    1.64
8192                    2.62
16384                   4.33
32768                   7.27
65536                  13.41
131072                 26.81
262144                 24.72
524288                 47.97
1048576                91.56
2097152               177.66
4194304               387.62
