# OSU MPI Latency Test v5.8
# Size          Latency (us)
0                       0.33
1                       0.33
2                       0.33
4                       0.32
8                       0.33
16                      0.32
32                      0.51
64                      0.50
128                     0.72
256                     0.76
512                     0.81
1024                    0.98
2048                    1.22
4096                    1.64
8192                    2.61
16384                   4.30
32768                   7.23
65536                  13.41
131072                 26.42
262144                 24.65
524288                 48.25
1048576                92.49
2097152               177.93
4194304               374.74
