n001.intern.lcc3.intra.uibk.ac.at
┌────────────────────────────────────────────────────────────────────────────────────────────────────────────────────────────────────────────────────────────────────────────────────────────────────────────────────────────┐
│ Machine (47GB total)                                                                                                                                                                                                       │
│                                                                                                                                                                                                                            │
│ ┌──────────────────────────────────────────────────────────────────────────────────────────────────────────┐  ┌──────────────────────────────────────────────────────────────────────────────────────────────────────────┐ │
│ │ ┌──────────────────────────────────────────────────────────────────────────────────────────────────────┐ │  │ ┌──────────────────────────────────────────────────────────────────────────────────────────────────────┐ │ │
│ │ │ NUMANode P#0 (23GB)                                                                                  │ │  │ │ NUMANode P#1 (24GB)                                                                                  │ │ │
│ │ └──────────────────────────────────────────────────────────────────────────────────────────────────────┘ │  │ └──────────────────────────────────────────────────────────────────────────────────────────────────────┘ │ │
│ │                                                                                                          │  │                                                                                                          │ │
│ │ ┌──────────────────────────────────────────────────────────────────────────────────────────────────────┐ │  │ ┌──────────────────────────────────────────────────────────────────────────────────────────────────────┐ │ │
│ │ │ Package P#0                                                                                          │ │  │ │ Package P#1                                                                                          │ │ │
│ │ │                                                                                                      │ │  │ │                                                                                                      │ │ │
│ │ │ ┌──────────────────────────────────────────────────────────────────────────────────────────────────┐ │ │  │ │ ┌──────────────────────────────────────────────────────────────────────────────────────────────────┐ │ │ │
│ │ │ │ L3 (12MB)                                                                                        │ │ │  │ │ │ L3 (12MB)                                                                                        │ │ │ │
│ │ │ └──────────────────────────────────────────────────────────────────────────────────────────────────┘ │ │  │ │ └──────────────────────────────────────────────────────────────────────────────────────────────────┘ │ │ │
│ │ │                                                                                                      │ │  │ │                                                                                                      │ │ │
│ │ │ ┌─────────────┐  ┌─────────────┐  ┌─────────────┐  ┌─────────────┐  ┌─────────────┐  ┌─────────────┐ │ │  │ │ ┌─────────────┐  ┌─────────────┐  ┌─────────────┐  ┌─────────────┐  ┌─────────────┐  ┌─────────────┐ │ │ │
│ │ │ │ L2 (256KB)  │  │ L2 (256KB)  │  │ L2 (256KB)  │  │ L2 (256KB)  │  │ L2 (256KB)  │  │ L2 (256KB)  │ │ │  │ │ │ L2 (256KB)  │  │ L2 (256KB)  │  │ L2 (256KB)  │  │ L2 (256KB)  │  │ L2 (256KB)  │  │ L2 (256KB)  │ │ │ │
│ │ │ └─────────────┘  └─────────────┘  └─────────────┘  └─────────────┘  └─────────────┘  └─────────────┘ │ │  │ │ └─────────────┘  └─────────────┘  └─────────────┘  └─────────────┘  └─────────────┘  └─────────────┘ │ │ │
│ │ │                                                                                                      │ │  │ │                                                                                                      │ │ │
│ │ │ ┌─────────────┐  ┌─────────────┐  ┌─────────────┐  ┌─────────────┐  ┌─────────────┐  ┌─────────────┐ │ │  │ │ ┌─────────────┐  ┌─────────────┐  ┌─────────────┐  ┌─────────────┐  ┌─────────────┐  ┌─────────────┐ │ │ │
│ │ │ │ L1d (32KB)  │  │ L1d (32KB)  │  │ L1d (32KB)  │  │ L1d (32KB)  │  │ L1d (32KB)  │  │ L1d (32KB)  │ │ │  │ │ │ L1d (32KB)  │  │ L1d (32KB)  │  │ L1d (32KB)  │  │ L1d (32KB)  │  │ L1d (32KB)  │  │ L1d (32KB)  │ │ │ │
│ │ │ └─────────────┘  └─────────────┘  └─────────────┘  └─────────────┘  └─────────────┘  └─────────────┘ │ │  │ │ └─────────────┘  └─────────────┘  └─────────────┘  └─────────────┘  └─────────────┘  └─────────────┘ │ │ │
│ │ │                                                                                                      │ │  │ │                                                                                                      │ │ │
│ │ │ ┌─────────────┐  ┌─────────────┐  ┌─────────────┐  ┌─────────────┐  ┌─────────────┐  ┌─────────────┐ │ │  │ │ ┌─────────────┐  ┌─────────────┐  ┌─────────────┐  ┌─────────────┐  ┌─────────────┐  ┌─────────────┐ │ │ │
│ │ │ │ L1i (32KB)  │  │ L1i (32KB)  │  │ L1i (32KB)  │  │ L1i (32KB)  │  │ L1i (32KB)  │  │ L1i (32KB)  │ │ │  │ │ │ L1i (32KB)  │  │ L1i (32KB)  │  │ L1i (32KB)  │  │ L1i (32KB)  │  │ L1i (32KB)  │  │ L1i (32KB)  │ │ │ │
│ │ │ └─────────────┘  └─────────────┘  └─────────────┘  └─────────────┘  └─────────────┘  └─────────────┘ │ │  │ │ └─────────────┘  └─────────────┘  └─────────────┘  └─────────────┘  └─────────────┘  └─────────────┘ │ │ │
│ │ │                                                                                                      │ │  │ │                                                                                                      │ │ │
│ │ │ ┌─────────────┐  ┌─────────────┐  ┌─────────────┐  ┌─────────────┐  ┌─────────────┐  ┌─────────────┐ │ │  │ │ ┌─────────────┐  ┌─────────────┐  ┌─────────────┐  ┌─────────────┐  ┌─────────────┐  ┌─────────────┐ │ │ │
│ │ │ │ Core P#0    │  │ Core P#1    │  │ Core P#2    │  │ Core P#8    │  │ Core P#9    │  │ Core P#10   │ │ │  │ │ │ Core P#0    │  │ Core P#1    │  │ Core P#2    │  │ Core P#8    │  │ Core P#9    │  │ Core P#10   │ │ │ │
│ │ │ │             │  │             │  │             │  │             │  │             │  │             │ │ │  │ │ │             │  │             │  │             │  │             │  │             │  │             │ │ │ │
│ │ │ │ ┌─────────┐ │  │ ┌─────────┐ │  │ ┌─────────┐ │  │ ┌─────────┐ │  │ ┌─────────┐ │  │ ┌─────────┐ │ │ │  │ │ │ ┌─────────┐ │  │ ┌─────────┐ │  │ ┌─────────┐ │  │ ┌─────────┐ │  │ ┌─────────┐ │  │ ┌─────────┐ │ │ │ │
│ │ │ │ │ PU P#0  │ │  │ │ PU P#1  │ │  │ │ PU P#2  │ │  │ │ PU P#3  │ │  │ │ PU P#4  │ │  │ │ PU P#5  │ │ │ │  │ │ │ │ PU P#6  │ │  │ │ PU P#7  │ │  │ │ PU P#8  │ │  │ │ PU P#9  │ │  │ │ PU P#10 │ │  │ │ PU P#11 │ │ │ │ │
│ │ │ │ └─────────┘ │  │ └─────────┘ │  │ └─────────┘ │  │ └─────────┘ │  │ └─────────┘ │  │ └─────────┘ │ │ │  │ │ │ └─────────┘ │  │ └─────────┘ │  │ └─────────┘ │  │ └─────────┘ │  │ └─────────┘ │  │ └─────────┘ │ │ │ │
│ │ │ │ ┌─────────┐ │  │ ┌─────────┐ │  │ ┌─────────┐ │  │ ┌─────────┐ │  │ ┌─────────┐ │  │ ┌─────────┐ │ │ │  │ │ │ ┌─────────┐ │  │ ┌─────────┐ │  │ ┌─────────┐ │  │ ┌─────────┐ │  │ ┌─────────┐ │  │ ┌─────────┐ │ │ │ │
│ │ │ │ │ PU P#12 │ │  │ │ PU P#13 │ │  │ │ PU P#14 │ │  │ │ PU P#15 │ │  │ │ PU P#16 │ │  │ │ PU P#17 │ │ │ │  │ │ │ │ PU P#18 │ │  │ │ PU P#19 │ │  │ │ PU P#20 │ │  │ │ PU P#21 │ │  │ │ PU P#22 │ │  │ │ PU P#23 │ │ │ │ │
│ │ │ │ └─────────┘ │  │ └─────────┘ │  │ └─────────┘ │  │ └─────────┘ │  │ └─────────┘ │  │ └─────────┘ │ │ │  │ │ │ └─────────┘ │  │ └─────────┘ │  │ └─────────┘ │  │ └─────────┘ │  │ └─────────┘ │  │ └─────────┘ │ │ │ │
│ │ │ └─────────────┘  └─────────────┘  └─────────────┘  └─────────────┘  └─────────────┘  └─────────────┘ │ │  │ │ └─────────────┘  └─────────────┘  └─────────────┘  └─────────────┘  └─────────────┘  └─────────────┘ │ │ │
│ │ └──────────────────────────────────────────────────────────────────────────────────────────────────────┘ │  │ └──────────────────────────────────────────────────────────────────────────────────────────────────────┘ │ │
│ └──────────────────────────────────────────────────────────────────────────────────────────────────────────┘  └──────────────────────────────────────────────────────────────────────────────────────────────────────────┘ │
│                                                                                                                                                                                                                            │
│       1.0       1.0 ┌───────────────┐                                                                                                                                                                                      │
│ ├┤╶─┬─────┼┤╶─┬─────┤ PCI 8086:10a7 │                                                                                                                                                                                      │
│     │         │     │               │                                                                                                                                                                                      │
│     │         │     │ ┌───────────┐ │                                                                                                                                                                                      │
│     │         │     │ │ enp11s0f0 │ │                                                                                                                                                                                      │
│     │         │     │ └───────────┘ │                                                                                                                                                                                      │
│     │         │     └───────────────┘                                                                                                                                                                                      │
│     │         │                                                                                                                                                                                                            │
│     │         │ 1.0 ┌───────────────┐                                                                                                                                                                                      │
│     │         └─────┤ PCI 8086:10a7 │                                                                                                                                                                                      │
│     │               │               │                                                                                                                                                                                      │
│     │               │ ┌───────────┐ │                                                                                                                                                                                      │
│     │               │ │ enp11s0f1 │ │                                                                                                                                                                                      │
│     │               │ └───────────┘ │                                                                                                                                                                                      │
│     │               └───────────────┘                                                                                                                                                                                      │
│     │                                                                                                                                                                                                                      │
│     │ 4.9       4.9 ┌─────────────────────┐                                                                                                                                                                                │
│     ├─────┼┤╶───────┤ PCI 15b3:673c       │                                                                                                                                                                                │
│     │               │                     │                                                                                                                                                                                │
│     │               │ ┌─────┐  ┌────────┐ │                                                                                                                                                                                │
│     │               │ │ ib0 │  │ mlx4_0 │ │                                                                                                                                                                                │
│     │               │ └─────┘  └────────┘ │                                                                                                                                                                                │
│     │               └─────────────────────┘                                                                                                                                                                                │
│     │                                                                                                                                                                                                                      │
│     │ 0.2       0.2           ┌────────────────┐                                                                                                                                                                           │
│     ├─────┼┤╶───────┼┤╶───────┤ PCI 102b:0530  │                                                                                                                                                                           │
│     │                         │                │                                                                                                                                                                           │
│     │                         │ ┌────────────┐ │                                                                                                                                                                           │
│     │                         │ │ controlD64 │ │                                                                                                                                                                           │
│     │                         │ └────────────┘ │                                                                                                                                                                           │
│     │                         │                │                                                                                                                                                                           │
│     │                         │ ┌───────┐      │                                                                                                                                                                           │
│     │                         │ │ card0 │      │                                                                                                                                                                           │
│     │                         │ └───────┘      │                                                                                                                                                                           │
│     │                         └────────────────┘                                                                                                                                                                           │
│     │                                                                                                                                                                                                                      │
│     │     ┌───────────────┐                                                                                                                                                                                                │
│     ├─────┤ PCI 8086:3a20 │                                                                                                                                                                                                │
│     │     │               │                                                                                                                                                                                                │
│     │     │ ┌─────┐       │                                                                                                                                                                                                │
│     │     │ │ sda │       │                                                                                                                                                                                                │
│     │     │ └─────┘       │                                                                                                                                                                                                │
│     │     └───────────────┘                                                                                                                                                                                                │
│     │                                                                                                                                                                                                                      │
│     │     ┌───────────────┐                                                                                                                                                                                                │
│     └─────┤ PCI 8086:3a26 │                                                                                                                                                                                                │
│           └───────────────┘                                                                                                                                                                                                │
└────────────────────────────────────────────────────────────────────────────────────────────────────────────────────────────────────────────────────────────────────────────────────────────────────────────────────────────┘
┌────────────────────────────────────────────────────────────────────────────────────────────────────────────────────────────────────────────────────────────────────────────────────────────────────────────────────────────┐
│ Host: n001.intern.lcc3.intra.uibk.ac.at                                                                                                                                                                                    │
│                                                                                                                                                                                                                            │
│ Indexes: physical                                                                                                                                                                                                          │
│                                                                                                                                                                                                                            │
│ Date: Wed 02 Oct 2024 11:38:27 PM CEST                                                                                                                                                                                     │
└────────────────────────────────────────────────────────────────────────────────────────────────────────────────────────────────────────────────────────────────────────────────────────────────────────────────────────────┘
