# OSU MPI Latency Test v5.8
# Size          Latency (us)
0                       0.16
1                       0.16
2                       0.16
4                       0.16
8                       0.16
16                      0.16
32                      0.21
64                      0.21
128                     0.33
256                     0.35
512                     0.41
1024                    0.47
2048                    0.61
4096                    0.93
8192                    1.59
16384                   2.89
32768                   4.68
65536                   8.44
131072                 16.23
262144                 24.53
524288                 48.23
1048576                93.11
2097152               209.10
4194304               777.00
